[    0.000000] Linux version 4.15.0-212-generic (buildd@lcy02-amd64-083) (gcc version 7.5.0 (Ubuntu 7.5.0-3ubuntu1~18.04)) #223-Ubuntu SMP Tue May 23 13:09:22 UTC 2023 (Ubuntu 4.15.0-212.223-generic 4.15.18)
[    0.000000] Command line: BOOT_IMAGE=/boot/vmlinuz-4.15.0-212-generic root=LABEL=cloudimg-rootfs ro console=tty1 console=ttyS0
[    0.000000] KERNEL supported cpus:
[    0.000000]   Intel GenuineIntel
[    0.000000]   AMD AuthenticAMD
[    0.000000]   Centaur CentaurHauls
[    0.000000] [Firmware Bug]: TSC doesn't count with P0 frequency!
[    0.000000] x86/fpu: Supporting XSAVE feature 0x001: 'x87 floating point registers'
[    0.000000] x86/fpu: Supporting XSAVE feature 0x002: 'SSE registers'
[    0.000000] x86/fpu: Supporting XSAVE feature 0x004: 'AVX registers'
[    0.000000] x86/fpu: xstate_offset[2]:  576, xstate_sizes[2]:  256
[    0.000000] x86/fpu: Enabled xstate features 0x7, context size is 832 bytes, using 'standard' format.
[    0.000000] e820: BIOS-provided physical RAM map:
[    0.000000] BIOS-e820: [mem 0x0000000000000000-0x000000000009fbff] usable
[    0.000000] BIOS-e820: [mem 0x000000000009fc00-0x000000000009ffff] reserved
[    0.000000] BIOS-e820: [mem 0x00000000000f0000-0x00000000000fffff] reserved
[    0.000000] BIOS-e820: [mem 0x0000000000100000-0x000000001ffeffff] usable
[    0.000000] BIOS-e820: [mem 0x000000001fff0000-0x000000001fffffff] ACPI data
[    0.000000] BIOS-e820: [mem 0x00000000fec00000-0x00000000fec00fff] reserved
[    0.000000] BIOS-e820: [mem 0x00000000fee00000-0x00000000fee00fff] reserved
[    0.000000] BIOS-e820: [mem 0x00000000fffc0000-0x00000000ffffffff] reserved
[    0.000000] NX (Execute Disable) protection: active
[    0.000000] SMBIOS 2.5 present.
[    0.000000] DMI: innotek GmbH VirtualBox/VirtualBox, BIOS VirtualBox 12/01/2006
[    0.000000] Hypervisor detected: KVM
[    0.000000] e820: last_pfn = 0x1fff0 max_arch_pfn = 0x400000000
[    0.000000] MTRR: Disabled
[    0.000000] x86/PAT: MTRRs disabled, skipping PAT initialization too.
[    0.000000] CPU MTRRs all blank - virtualized system.
[    0.000000] x86/PAT: Configuration [0-7]: WB  WT  UC- UC  WB  WT  UC- UC  
[    0.000000] found SMP MP-table at [mem 0x0009fff0-0x0009ffff]
[    0.000000] Scanning 1 areas for low memory corruption
[    0.000000] RAMDISK: [mem 0x1dafa000-0x1ee0bfff]
[    0.000000] ACPI: Early table checksum verification disabled
[    0.000000] ACPI: RSDP 0x00000000000E0000 000024 (v02 VBOX  )
[    0.000000] ACPI: XSDT 0x000000001FFF0030 00003C (v01 VBOX   VBOXXSDT 00000001 ASL  00000061)
[    0.000000] ACPI: FACP 0x000000001FFF00F0 0000F4 (v04 VBOX   VBOXFACP 00000001 ASL  00000061)
[    0.000000] ACPI: DSDT 0x000000001FFF0610 002353 (v02 VBOX   VBOXBIOS 00000002 INTL 20230628)
[    0.000000] ACPI: FACS 0x000000001FFF0200 000040
[    0.000000] ACPI: FACS 0x000000001FFF0200 000040
[    0.000000] ACPI: APIC 0x000000001FFF0240 000054 (v02 VBOX   VBOXAPIC 00000001 ASL  00000061)
[    0.000000] ACPI: SSDT 0x000000001FFF02A0 00036C (v01 VBOX   VBOXCPUT 00000002 INTL 20230628)
[    0.000000] ACPI: Reserving FACP table memory at [mem 0x1fff00f0-0x1fff01e3]
[    0.000000] ACPI: Reserving DSDT table memory at [mem 0x1fff0610-0x1fff2962]
[    0.000000] ACPI: Reserving FACS table memory at [mem 0x1fff0200-0x1fff023f]
[    0.000000] ACPI: Reserving FACS table memory at [mem 0x1fff0200-0x1fff023f]
[    0.000000] ACPI: Reserving APIC table memory at [mem 0x1fff0240-0x1fff0293]
[    0.000000] ACPI: Reserving SSDT table memory at [mem 0x1fff02a0-0x1fff060b]
[    0.000000] No NUMA configuration found
[    0.000000] Faking a node at [mem 0x0000000000000000-0x000000001ffeffff]
[    0.000000] NODE_DATA(0) allocated [mem 0x1ffc5000-0x1ffeffff]
[    0.000000] kvm-clock: cpu 0, msr 0:1ff44001, primary cpu clock
[    0.000000] kvm-clock: Using msrs 4b564d01 and 4b564d00
[    0.000000] kvm-clock: using sched offset of 3094512412 cycles
[    0.000000] clocksource: kvm-clock: mask: 0xffffffffffffffff max_cycles: 0x1cd42e4dffb, max_idle_ns: 881590591483 ns
[    0.000000] Zone ranges:
[    0.000000]   DMA      [mem 0x0000000000001000-0x0000000000ffffff]
[    0.000000]   DMA32    [mem 0x0000000001000000-0x000000001ffeffff]
[    0.000000]   Normal   empty
[    0.000000]   Device   empty
[    0.000000] Movable zone start for each node
[    0.000000] Early memory node ranges
[    0.000000]   node   0: [mem 0x0000000000001000-0x000000000009efff]
[    0.000000]   node   0: [mem 0x0000000000100000-0x000000001ffeffff]
[    0.000000] Reserved but unavailable: 104 pages
[    0.000000] Initmem setup node 0 [mem 0x0000000000001000-0x000000001ffeffff]
[    0.000000] ACPI: PM-Timer IO Port: 0x4008
[    0.000000] IOAPIC[0]: apic_id 1, version 32, address 0xfec00000, GSI 0-23
[    0.000000] ACPI: INT_SRC_OVR (bus 0 bus_irq 0 global_irq 2 dfl dfl)
[    0.000000] ACPI: INT_SRC_OVR (bus 0 bus_irq 9 global_irq 9 low level)
[    0.000000] Using ACPI (MADT) for SMP configuration information
[    0.000000] smpboot: Allowing 1 CPUs, 0 hotplug CPUs
[    0.000000] PM: Registered nosave memory: [mem 0x00000000-0x00000fff]
[    0.000000] PM: Registered nosave memory: [mem 0x0009f000-0x0009ffff]
[    0.000000] PM: Registered nosave memory: [mem 0x000a0000-0x000effff]
[    0.000000] PM: Registered nosave memory: [mem 0x000f0000-0x000fffff]
[    0.000000] e820: [mem 0x20000000-0xfebfffff] available for PCI devices
[    0.000000] Booting paravirtualized kernel on KVM
[    0.000000] clocksource: refined-jiffies: mask: 0xffffffff max_cycles: 0xffffffff, max_idle_ns: 7645519600211568 ns
[    0.000000] setup_percpu: NR_CPUS:8192 nr_cpumask_bits:1 nr_cpu_ids:1 nr_node_ids:1
[    0.000000] percpu: Embedded 50 pages/cpu s167936 r8192 d28672 u2097152
[    0.000000] PV qspinlock hash table entries: 256 (order: 0, 4096 bytes)
[    0.000000] Built 1 zonelists, mobility grouping on.  Total pages: 128889
[    0.000000] Policy zone: DMA32
[    0.000000] Kernel command line: BOOT_IMAGE=/boot/vmlinuz-4.15.0-212-generic root=LABEL=cloudimg-rootfs ro console=tty1 console=ttyS0
[    0.000000] Memory: 466748K/523832K available (12300K kernel code, 2477K rwdata, 4324K rodata, 2480K init, 2720K bss, 57084K reserved, 0K cma-reserved)
[    0.000000] SLUB: HWalign=64, Order=0-3, MinObjects=0, CPUs=1, Nodes=1
[    0.000000] ftrace: allocating 39508 entries in 155 pages
[    0.004000] Hierarchical RCU implementation.
[    0.004000] 	RCU restricting CPUs from NR_CPUS=8192 to nr_cpu_ids=1.
[    0.004000] 	Tasks RCU enabled.
[    0.004000] RCU: Adjusting geometry for rcu_fanout_leaf=16, nr_cpu_ids=1
[    0.004000] NR_IRQS: 524544, nr_irqs: 256, preallocated irqs: 16
[    0.004000] random: crng init done
[    0.004000] Console: colour VGA+ 80x25
[    0.004000] console [tty1] enabled
[    0.004000] console [ttyS0] enabled
[    0.004000] ACPI: Core revision 20170831
[    0.004000] ACPI: 2 ACPI AML tables successfully acquired and loaded
[    0.004000] APIC: Switch to symmetric I/O mode setup
[    0.004000] x2apic enabled
[    0.004000] Switched APIC routing to physical x2apic.
[    0.004000] ..TIMER: vector=0x30 apic1=0 pin1=2 apic2=-1 pin2=-1
[    0.004005] tsc: Detected 1796.615 MHz processor
[    0.004785] Calibrating delay loop (skipped) preset value.. 3593.23 BogoMIPS (lpj=7186460)
[    0.005284] pid_max: default: 32768 minimum: 301
[    0.006037] Security Framework initialized
[    0.006687] Yama: becoming mindful.
[    0.008018] AppArmor: AppArmor initialized
[    0.008744] Dentry cache hash table entries: 65536 (order: 7, 524288 bytes)
[    0.009838] Inode-cache hash table entries: 32768 (order: 6, 262144 bytes)
[    0.010873] Mount-cache hash table entries: 1024 (order: 1, 8192 bytes)
[    0.012004] Mountpoint-cache hash table entries: 1024 (order: 1, 8192 bytes)
[    0.013194] CPU0: Hyper-Threading is disabled
[    0.013891] Last level iTLB entries: 4KB 1024, 2MB 1024, 4MB 512
[    0.014801] Last level dTLB entries: 4KB 2048, 2MB 2048, 4MB 1024, 1GB 0
[    0.015801] Spectre V1 : Mitigation: usercopy/swapgs barriers and __user pointer sanitization
[    0.016004] Spectre V2 : Mitigation: Retpolines
[    0.016758] Spectre V2 : Spectre v2 / SpectreRSB mitigation: Filling RSB on context switch
[    0.018127] Spectre V2 : Spectre v2 / SpectreRSB : Filling RSB on VMEXIT
[    0.020001] RETBleed: Vulnerable
[    0.025837] Freeing SMP alternatives memory: 36K
[    0.136075] smpboot: CPU0: AMD Ryzen 7 5700U with Radeon Graphics (family: 0x17, model: 0x68, stepping: 0x1)
[    0.137779] Performance Events: PMU not available due to virtualization, using software events only.
[    0.138895] Hierarchical SRCU implementation.
[    0.140000] NMI watchdog: Perf event create on CPU 0 failed with -2
[    0.140005] NMI watchdog: Perf NMI watchdog permanently disabled
[    0.140924] smp: Bringing up secondary CPUs ...
[    0.141653] smp: Brought up 1 node, 1 CPU
[    0.142337] smpboot: Max logical packages: 1
[    0.143041] smpboot: Total of 1 processors activated (3593.23 BogoMIPS)
[    0.144151] devtmpfs: initialized
[    0.144684] x86/mm: Memory block size: 128MB
[    0.145514] evm: security.selinux
[    0.146094] evm: security.SMACK64
[    0.146685] evm: security.SMACK64EXEC
[    0.147312] evm: security.SMACK64TRANSMUTE
[    0.148007] evm: security.SMACK64MMAP
[    0.148664] evm: security.apparmor
[    0.149232] evm: security.ima
[    0.149740] evm: security.capability
[    0.150450] clocksource: jiffies: mask: 0xffffffff max_cycles: 0xffffffff, max_idle_ns: 7645041785100000 ns
[    0.152011] futex hash table entries: 256 (order: 2, 16384 bytes)
[    0.153023] pinctrl core: initialized pinctrl subsystem
[    0.154020] RTC time: 10:56:44, date: 12/21/24
[    0.154856] NET: Registered protocol family 16
[    0.156024] audit: initializing netlink subsys (disabled)
[    0.157012] cpuidle: using governor ladder
[    0.157659] cpuidle: using governor menu
[    0.158451] ACPI: bus type PCI registered
[    0.159142] acpiphp: ACPI Hot Plug PCI Controller Driver version: 0.5
[    0.160063] PCI: Using configuration type 1 for base access
[    0.160902] PCI: Using configuration type 1 for extended access
[    0.161841] audit: type=2000 audit(1734778608.404:1): state=initialized audit_enabled=0 res=1
[    0.164687] HugeTLB registered 2.00 MiB page size, pre-allocated 0 pages
[    0.165861] ACPI: Added _OSI(Module Device)
[    0.166525] ACPI: Added _OSI(Processor Device)
[    0.167220] ACPI: Added _OSI(3.0 _SCP Extensions)
[    0.167985] ACPI: Added _OSI(Processor Aggregator Device)
[    0.168011] ACPI: Added _OSI(Linux-Dell-Video)
[    0.168741] ACPI: Added _OSI(Linux-Lenovo-NV-HDMI-Audio)
[    0.169594] ACPI: Added _OSI(Linux-HPI-Hybrid-Graphics)
[    0.170542] ACPI: Executed 1 blocks of module-level executable AML code
[    0.174022] ACPI: Interpreter enabled
[    0.174679] ACPI: (supports S0 S5)
[    0.175266] ACPI: Using IOAPIC for interrupt routing
[    0.176223] PCI: Using host bridge windows from ACPI; if necessary, use "pci=nocrs" and report a bug
[    0.177748] ACPI: Enabled 2 GPEs in block 00 to 07
[    0.182332] ACPI: PCI Root Bridge [PCI0] (domain 0000 [bus 00-ff])
[    0.183174] acpi PNP0A03:00: _OSC: OS supports [ExtendedConfig ASPM ClockPM Segments MSI]
[    0.184639] acpi PNP0A03:00: _OSC: platform does not support [PCIeCapability]
[    0.186096] acpi PNP0A03:00: _OSC: not requesting control; platform does not support [PCIeCapability]
[    0.187601] acpi PNP0A03:00: _OSC: OS requested [PCIeHotplug PME AER PCIeCapability]
[    0.188005] acpi PNP0A03:00: _OSC: platform willing to grant [PCIeHotplug PME AER]
[    0.189149] acpi PNP0A03:00: _OSC failed (AE_SUPPORT); disabling ASPM
[    0.190377] PCI host bridge to bus 0000:00
[    0.191942] pci_bus 0000:00: root bus resource [io  0x0000-0x0cf7 window]
[    0.192003] pci_bus 0000:00: root bus resource [io  0x0d00-0xffff window]
[    0.193083] pci_bus 0000:00: root bus resource [mem 0x000a0000-0x000bffff window]
[    0.196002] pci_bus 0000:00: root bus resource [mem 0x20000000-0xfdffffff window]
[    0.197272] pci_bus 0000:00: root bus resource [bus 00-ff]
[    0.198970] pci 0000:00:01.1: legacy IDE quirk: reg 0x10: [io  0x01f0-0x01f7]
[    0.200005] pci 0000:00:01.1: legacy IDE quirk: reg 0x14: [io  0x03f6]
[    0.201000] pci 0000:00:01.1: legacy IDE quirk: reg 0x18: [io  0x0170-0x0177]
[    0.202092] pci 0000:00:01.1: legacy IDE quirk: reg 0x1c: [io  0x0376]
[    0.207847] pci 0000:00:07.0: quirk: [io  0x4000-0x403f] claimed by PIIX4 ACPI
[    0.208016] pci 0000:00:07.0: quirk: [io  0x4100-0x410f] claimed by PIIX4 SMB
[    0.213154] ACPI: PCI Interrupt Link [LNKA] (IRQs 5 9 10 *11)
[    0.214092] ACPI: PCI Interrupt Link [LNKB] (IRQs 5 9 *10 11)
[    0.214863] ACPI: PCI Interrupt Link [LNKC] (IRQs 5 *9 10 11)
[    0.215793] ACPI: PCI Interrupt Link [LNKD] (IRQs 5 9 10 *11)
[    0.216226] SCSI subsystem initialized
[    0.216923] pci 0000:00:02.0: vgaarb: setting as boot VGA device
[    0.217850] pci 0000:00:02.0: vgaarb: VGA device added: decodes=io+mem,owns=io+mem,locks=none
[    0.219183] pci 0000:00:02.0: vgaarb: bridge control possible
[    0.220006] vgaarb: loaded
[    0.220501] ACPI: bus type USB registered
[    0.221162] usbcore: registered new interface driver usbfs
[    0.222023] usbcore: registered new interface driver hub
[    0.222846] usbcore: registered new device driver usb
[    0.224059] EDAC MC: Ver: 3.0.0
[    0.224737] PCI: Using ACPI for IRQ routing
[    0.225567] NetLabel: Initializing
[    0.226122] NetLabel:  domain hash size = 128
[    0.226795] NetLabel:  protocols = UNLABELED CIPSOv4 CALIPSO
[    0.227663] NetLabel:  unlabeled traffic allowed by default
[    0.228094] clocksource: Switched to clocksource kvm-clock
[    0.241486] VFS: Disk quotas dquot_6.6.0
[    0.242143] VFS: Dquot-cache hash table entries: 512 (order 0, 4096 bytes)
[    0.243223] AppArmor: AppArmor Filesystem Enabled
[    0.243882] pnp: PnP ACPI init
[    0.245002] pnp: PnP ACPI: found 3 devices
[    0.250734] clocksource: acpi_pm: mask: 0xffffff max_cycles: 0xffffff, max_idle_ns: 2085701024 ns
[    0.252216] NET: Registered protocol family 2
[    0.252942] IP idents hash table entries: 8192 (order: 4, 65536 bytes)
[    0.254046] TCP established hash table entries: 4096 (order: 3, 32768 bytes)
[    0.255108] TCP bind hash table entries: 4096 (order: 4, 65536 bytes)
[    0.256092] TCP: Hash tables configured (established 4096 bind 4096)
[    0.257097] UDP hash table entries: 256 (order: 1, 8192 bytes)
[    0.257974] UDP-Lite hash table entries: 256 (order: 1, 8192 bytes)
[    0.258955] NET: Registered protocol family 1
[    0.259681] pci 0000:00:00.0: Limiting direct PCI/PCI transfers
[    0.260682] pci 0000:00:01.0: Activating ISA DMA hang workarounds
[    0.261632] pci 0000:00:02.0: Video device with shadowed ROM at [mem 0x000c0000-0x000dffff]
[    0.263010] Unpacking initramfs...
[    0.555899] Freeing initrd memory: 19528K
[    0.556784] clocksource: tsc: mask: 0xffffffffffffffff max_cycles: 0x19e5abc5e07, max_idle_ns: 440795208815 ns
[    0.557990] platform rtc_cmos: registered platform RTC device (no PNP device found)
[    0.559308] Scanning for low memory corruption every 60 seconds
[    0.560656] Initialise system trusted keyrings
[    0.561388] Key type blacklist registered
[    0.562070] workingset: timestamp_bits=36 max_order=17 bucket_order=0
[    0.563661] zbud: loaded
[    0.564428] squashfs: version 4.0 (2009/01/31) Phillip Lougher
[    0.565368] fuse init (API version 7.26)
[    0.566446] Key type asymmetric registered
[    0.567117] Asymmetric key parser 'x509' registered
[    0.567905] Block layer SCSI generic (bsg) driver version 0.4 loaded (major 246)
[    0.569175] io scheduler noop registered
[    0.569839] io scheduler deadline registered
[    0.570359] io scheduler cfq registered (default)
[    0.571212] ACPI: AC Adapter [AC] (on-line)
[    0.571963] input: Power Button as /devices/LNXSYSTM:00/LNXPWRBN:00/input/input0
[    0.573341] ACPI: Power Button [PWRF]
[    0.573935] input: Sleep Button as /devices/LNXSYSTM:00/LNXSLPBN:00/input/input1
[    0.574949] ACPI: Sleep Button [SLPF]
[    0.575986] ACPI: Battery Slot [BAT0] (battery present)
[    0.576844] Serial: 8250/16550 driver, 32 ports, IRQ sharing enabled
[    0.598097] 00:02: ttyS0 at I/O 0x3f8 (irq = 4, base_baud = 115200) is a 16550A
[    0.599707] Linux agpgart interface v0.103
[    0.600990] loop: module loaded
[    0.601806] scsi host0: ata_piix
[    0.602239] scsi host1: ata_piix
[    0.602681] ata1: PATA max UDMA/33 cmd 0x1f0 ctl 0x3f6 bmdma 0xd000 irq 14
[    0.603572] ata2: PATA max UDMA/33 cmd 0x170 ctl 0x376 bmdma 0xd008 irq 15
[    0.604748] tun: Universal TUN/TAP device driver, 1.6
[    0.605458] PPP generic driver version 2.4.2
[    0.606084] ehci_hcd: USB 2.0 'Enhanced' Host Controller (EHCI) Driver
[    0.606932] ehci-pci: EHCI PCI platform driver
[    0.607542] ehci-platform: EHCI generic platform driver
[    0.608249] ohci_hcd: USB 1.1 'Open' Host Controller (OHCI) Driver
[    0.609063] ohci-pci: OHCI PCI platform driver
[    0.609666] ohci-platform: OHCI generic platform driver
[    0.610346] uhci_hcd: USB Universal Host Controller Interface driver
[    0.611178] i8042: PNP: PS/2 Controller [PNP0303:PS2K,PNP0f03:PS2M] at 0x60,0x64 irq 1,12
[    0.612682] serio: i8042 KBD port at 0x60,0x64 irq 1
[    0.613252] serio: i8042 AUX port at 0x60,0x64 irq 12
[    0.613830] mousedev: PS/2 mouse device common for all mice
[    0.614734] input: AT Translated Set 2 keyboard as /devices/platform/i8042/serio0/input/input2
[    0.616207] rtc_cmos rtc_cmos: rtc core: registered rtc_cmos as rtc0
[    0.617080] rtc_cmos rtc_cmos: alarms up to one day, 114 bytes nvram
[    0.617917] i2c /dev entries driver
[    0.618453] device-mapper: uevent: version 1.0.3
[    0.619117] device-mapper: ioctl: 4.37.0-ioctl (2017-09-20) initialised: dm-devel@redhat.com
[    0.620016] ledtrig-cpu: registered to indicate activity on CPUs
[    0.621233] NET: Registered protocol family 10
[    0.624215] Segment Routing with IPv6
[    0.624776] NET: Registered protocol family 17
[    0.625418] Key type dns_resolver registered
[    0.626080] mce: Using 0 MCE banks
[    0.626582] RAS: Correctable Errors collector initialized.
[    0.627322] sched_clock: Marking stable (624028237, 0)->(750038218, -126009981)
[    0.628394] registered taskstats version 1
[    0.628967] Loading compiled-in X.509 certificates
[    0.630938] Loaded X.509 cert 'Build time autogenerated kernel key: b5b26778eaa3ab3a4a6cee031137706e947d12ad'
[    0.632738] Loaded X.509 cert 'Canonical Ltd. Live Patch Signing: 14df34d1a87cf37625abec039ef2bf521249b969'
[    0.634391] Loaded X.509 cert 'Canonical Ltd. Kernel Module Signing: 88f752e560a1e0737e31163a466ad7b70a850c19'
[    0.635723] blacklist: Loading compiled-in revocation X.509 certificates
[    0.636624] Loaded X.509 cert 'Canonical Ltd. Secure Boot Signing: 61482aa2830d0ab2ad5af10b7250da9033ddcef0'
[    0.637957] Loaded X.509 cert 'Canonical Ltd. Secure Boot Signing (2017): 242ade75ac4a15e50d50c84b0d45ff3eae707a03'
[    0.639335] Loaded X.509 cert 'Canonical Ltd. Secure Boot Signing (ESM 2018): 365188c1d374d6b07c3c8f240f8ef722433d6a8b'
[    0.641408] Loaded X.509 cert 'Canonical Ltd. Secure Boot Signing (2019): c0746fd6c5da3ae827864651ad66ae47fe24b3e8'
[    0.642776] Loaded X.509 cert 'Canonical Ltd. Secure Boot Signing (2021 v1): a8d54bbb3825cfb94fa13c9f8a594a195c107b8d'
[    0.644186] Loaded X.509 cert 'Canonical Ltd. Secure Boot Signing (2021 v2): 4cf046892d6fd3c9a5b03f98d845f90851dc6a8c'
[    0.645550] Loaded X.509 cert 'Canonical Ltd. Secure Boot Signing (2021 v3): 100437bb6de6e469b581e61cd66bce3ef4ed53af'
[    0.646983] Loaded X.509 cert 'Canonical Ltd. Secure Boot Signing (Ubuntu Core 2019): c1d57b8f6b743f23ee41f4f7ee292f06eecadfb9'
[    0.648510] zswap: loaded using pool lzo/zbud
[    0.650573] Key type big_key registered
[    0.651131] Key type trusted registered
[    0.652308] Key type encrypted registered
[    0.652878] AppArmor: AppArmor sha1 policy hashing enabled
[    0.653609] ima: No TPM chip found, activating TPM-bypass! (rc=-19)
[    0.654428] ima: Allocated hash algorithm: sha1
[    0.655061] evm: HMAC attrs: 0x1
[    0.655659]   Magic number: 4:566:932
[    0.656276] rtc_cmos rtc_cmos: setting system clock to 2024-12-21 10:56:44 UTC (1734778604)
[    0.657454] BIOS EDD facility v0.16 2004-Jun-25, 0 devices found
[    0.658237] EDD information not available.
[    0.788321] Freeing unused kernel image memory: 2480K
[    0.796025] Write protecting the kernel read-only data: 20480k
[    0.797375] Freeing unused kernel image memory: 2008K
[    0.798720] Freeing unused kernel image memory: 1820K
[    0.805234] x86/mm: Checked W+X mappings: passed, no W+X pages found.
Loading, please wait...
starting version 237
[    0.863356] e1000: Intel(R) PRO/1000 Network Driver - version 7.3.21-k8-NAPI
[    0.864396] e1000: Copyright (c) 1999-2006 Intel Corporation.
[    0.873114] Fusion MPT base driver 3.04.20
[    0.873603] Copyright (c) 1999-2008 LSI Corporation
[    0.882451] Fusion MPT SPI Host driver 3.04.20
[    0.893606] AVX2 version of gcm_enc/dec engaged.
[    0.894271] AES CTR mode by8 optimization enabled
[    1.081392] input: ImExPS/2 Generic Explorer Mouse as /devices/platform/i8042/serio1/input/input4
[    1.223383] e1000 0000:00:03.0 eth0: (PCI:33MHz:32-bit) 02:3b:7b:b7:3b:2d
[    1.224141] e1000 0000:00:03.0 eth0: Intel(R) PRO/1000 Network Connection
[    1.225393] mptbase: ioc0: Initiating bringup
[    1.332660] ioc0: LSI53C1030 A0: Capabilities={Initiator}
[    1.573434] scsi host2: ioc0: LSI53C1030 A0, FwRev=00000000h, Ports=1, MaxQ=256, IRQ=20
[    1.744471] scsi 2:0:0:0: Direct-Access     VBOX     HARDDISK         1.0  PQ: 0 ANSI: 5
[    1.745981] scsi target2:0:0: Beginning Domain Validation
[    1.748884] scsi target2:0:0: Domain Validation skipping write tests
[    1.749942] scsi target2:0:0: Ending Domain Validation
[    1.750887] scsi target2:0:0: asynchronous
[    1.752172] scsi 2:0:1:0: Direct-Access     VBOX     HARDDISK         1.0  PQ: 0 ANSI: 5
[    1.753587] scsi target2:0:1: Beginning Domain Validation
[    1.755450] scsi target2:0:1: Domain Validation skipping write tests
[    1.756440] scsi target2:0:1: Ending Domain Validation
[    1.757238] scsi target2:0:1: asynchronous
[    1.760574] sd 2:0:0:0: [sda] 83886080 512-byte logical blocks: (42.9 GB/40.0 GiB)
[    1.761582] sd 2:0:0:0: [sda] Write Protect is off
[    1.762204] sd 2:0:0:0: Attached scsi generic sg0 type 0
[    1.762849] sd 2:0:0:0: [sda] Incomplete mode parameter data
[    1.763490] sd 2:0:0:0: [sda] Assuming drive cache: write through
[    1.764948] sd 2:0:1:0: Attached scsi generic sg1 type 0
[    1.765623] sd 2:0:1:0: [sdb] 20480 512-byte logical blocks: (10.5 MB/10.0 MiB)
[    1.766594] sd 2:0:1:0: [sdb] Write Protect is off
[    1.767241] sd 2:0:1:0: [sdb] Incomplete mode parameter data
[    1.767887] sd 2:0:1:0: [sdb] Assuming drive cache: write through
[    1.769332]  sda: sda1
[    1.770062] sd 2:0:0:0: [sda] Attached SCSI disk
[    1.771235] sd 2:0:1:0: [sdb] Attached SCSI disk
[    2.091767] e1000 0000:00:08.0 eth1: (PCI:33MHz:32-bit) 08:00:27:01:c7:92
[    2.092597] e1000 0000:00:08.0 eth1: Intel(R) PRO/1000 Network Connection
[    2.094074] e1000 0000:00:08.0 enp0s8: renamed from eth1
[    2.095664] e1000 0000:00:03.0 enp0s3: renamed from eth0
Begin: Loading essential drivers ... [    3.504026] raid6: sse2x1   gen()  8224 MB/s
[    3.552058] raid6: sse2x1   xor()  8369 MB/s
[    3.600029] raid6: sse2x2   gen() 17193 MB/s
[    3.648462] raid6: sse2x2   xor() 11361 MB/s
[    3.696041] raid6: sse2x4   gen() 18153 MB/s
[    3.744068] raid6: sse2x4   xor()  9943 MB/s
[    3.792041] raid6: avx2x1   gen() 19639 MB/s
[    3.840012] raid6: avx2x1   xor() 15854 MB/s
[    3.888047] raid6: avx2x2   gen() 33964 MB/s
[    3.936022] raid6: avx2x2   xor() 21025 MB/s
[    3.984052] raid6: avx2x4   gen() 36062 MB/s
[    4.032022] raid6: avx2x4   xor() 15407 MB/s
[    4.032613] raid6: using algorithm avx2x4 gen() 36062 MB/s
[    4.033313] raid6: .... xor() 15407 MB/s, rmw enabled
[    4.033905] raid6: using avx2x2 recovery algorithm
[    4.035692] xor: automatically using best checksumming function   avx       
[    4.037607] async_tx: api initialized (async)
done.
Begin: Running /scripts/init-premount ... done.
Begin: Mounting root file system ... Begin: Running /scripts/local-top ... done.
Begin: Running /scripts/local-premount ... [    4.071907] Btrfs loaded, crc32c=crc32c-intel
Scanning for Btrfs filesystems
done.
Warning: fsck not present, so skipping root file system
[    4.099665] EXT4-fs (sda1): INFO: recovery required on readonly filesystem
[    4.100418] EXT4-fs (sda1): write access will be enabled during recovery
[    4.114229] EXT4-fs (sda1): recovery complete
[    4.115551] EXT4-fs (sda1): mounted filesystem with ordered data mode. Opts: (null)
done.
Begin: Running /scripts/local-bottom ... done.
Begin: Running /scripts/init-bottom ... done.
[    4.243606] ip_tables: (C) 2000-2006 Netfilter Core Team
[    4.250462] systemd[1]: systemd 237 running in system mode. (+PAM +AUDIT +SELINUX +IMA +APPARMOR +SMACK +SYSVINIT +UTMP +LIBCRYPTSETUP +GCRYPT +GNUTLS +ACL +XZ +LZ4 +SECCOMP +BLKID +ELFUTILS +KMOD -IDN2 +IDN -PCRE2 default-hierarchy=hybrid)
[    4.253252] systemd[1]: Detected virtualization oracle.
[    4.253949] systemd[1]: Detected architecture x86-64.

Welcome to [1mUbuntu 18.04.6 LTS[0m!

[    4.257101] systemd[1]: Set hostname to <ubuntu-bionic>.
[    4.458523] systemd[1]: Reached target System Time Synchronized.
[[0;32m  OK  [0m] Reached target System Time Synchronized.
[    4.459930] systemd[1]: Set up automount Arbitrary Executable File Formats File System Automount Point.
[[0;32m  OK  [0m] Set up automount Arbitrary Executab…rmats File System Automount Point.
[    4.461868] systemd[1]: Created slice User and Session Slice.
[[0;32m  OK  [0m] Created slice User and Session Slice.
[    4.463076] systemd[1]: Created slice System Slice.
[[0;32m  OK  [0m] Created slice System Slice.
[    4.464039] systemd[1]: Listening on udev Kernel Socket.
[[0;32m  OK  [0m] Listening on udev Kernel Socket.
[    4.465065] systemd[1]: Listening on Journal Socket.
[[0;32m  OK  [0m] Listening on Journal Socket.
         Mounting Huge Pages File System...
         Mounting POSIX Message Queue File System...
         Starting Set the console keyboard layout...
[[0;32m  OK  [0m] Reached target Swap.
         Mounting Kernel Debug File System...
[[0;32m  OK  [0m] Listening on Journal Socket (/dev/log).
[[0;32m  OK  [0m] Listening on fsck to fsckd communication Socket.
         Starting File System Check on Root Device...
[[0;32m  OK  [0m] Reached target Slices.
[[0;32m  OK  [0m] Reached target Mounting snaps.
[[0;32m  OK  [0m] Reached target Mounted snaps.
[[0;32m  OK  [0m] Listening on Journal Audit Socket.
[[0;32m  OK  [0m] Listening on LVM2 poll daemon socket.
[[0;32m  OK  [0m] Started Forward Password Requests to Wall Directory Watch.
[[0;32m  OK  [0m] Listening on udev Control Socket.
         Starting Create list of required st…ce nodes for the current kernel...
         Starting Load Kernel Modules...
         Starting Uncomplicated firewall...
[[0;32m  OK  [0m] Listening on /dev/initctl Compatibility Named Pipe.
[[0;32m  OK  [0m] Listening on LVM2 metadata daemon socket.
[[0;32m  OK  [0m] Listening on Syslog Socket.
         Starting Journal Service...
[[0;32m  OK  [0m] Listening on Network Service Netlink Socket.
         Starting udev Coldplug all Devices...
[[0;32m  OK  [0m] Created slice system-serial\x2dgetty.slice.
[[0;32m  OK  [0m] Reached target User and Group Name Lookups.
[[0;32m  OK  [0m] Listening on Device-mapper event daemon FIFOs.
         Starting Monitoring of LVM2 mirrors…ng dmeventd or progress polling...
[[0;32m  OK  [0m] Mounted Huge Pages File System.
[[0;32m  OK  [0m] Mounted POSIX Message Queue File System.
[[0;32m  OK  [0m] Mounted Kernel Debug File System.
[[0;32m  OK  [0m] Started Create list of required sta…vice nodes for the current kernel.
[[0;32m  OK  [0m] Started Uncomplicated firewall.
[[0;32m  OK  [0m] Started File System Check Daemon to report status.
         Starting Create Static Device Nodes in /dev...
[[0;32m  OK  [0m] Started File System Check on Root Device.
         Starting Remount Root and Kernel File Systems...
[    4.553807] Loading iSCSI transport class v2.0-870.
[    4.563853] iscsi: registered transport (tcp)
[[0;32m  OK  [0m] Started Journal Service.
[[0;32m  OK  [0m] Started LVM2 metadata daemon.
[[0;32m  OK  [0m] Started udev Coldplug all Devices.
[[0;32m  OK  [0m] Started Create Static Device Nodes in /dev.
[    4.634679] iscsi: registered transport (iser)
[[0;32m  OK  [0m] Started Load Kernel Modules.
         Mounting Kernel Configuration File System...
         Starting Apply Kernel Variables...
         Mounting FUSE Control File System...
[[0;32m  OK  [0m] Mounted FUSE Control File System.
[[0;32m  OK  [0m] Mounted Kernel Configuration File System.
[    4.656168] EXT4-fs (sda1): re-mounted. Opts: (null)
[[0;32m  OK  [0m] Started Remount Root and Kernel File Systems.
         Starting Flush Journal to Persistent Storage...
         Starting udev Kernel Device Manager...
         Starting Load/Save Random Seed...
[[0;32m  OK  [0m] Started Monitoring of LVM2 mirrors,…sing dmeventd or progress polling.
[[0;32m  OK  [0m] Started udev Kernel Device Manager.
[[0;32m  OK  [0m] Started Load/Save Random Seed.
[[0;32m  OK  [0m] Started Set the console keyboard layout.
[[0;32m  OK  [0m] Started Dispatch Password Requests to Console Directory Watch.
[[0;32m  OK  [0m] Reached target Local Encrypted Volumes.
[[0;32m  OK  [0m] Reached target Local File Systems (Pre).
[[0;32m  OK  [0m] Reached target Local File Systems.
         Starting ebtables ruleset management...
         Starting AppArmor initialization...
         Starting Set console font and keymap...
         Starting Tell Plymouth To Write Out Runtime Data...
[[0;32m  OK  [0m] Started Apply Kernel Variables.
[[0;32m  OK  [0m] Started Set console font and keymap.
[[0;32m  OK  [0m] Started Tell Plymouth To Write Out Runtime Data.
[[0;32m  OK  [0m] Started Flush Journal to Persistent Storage.
[[0;32m  OK  [0m] Started ebtables ruleset management.
         Starting Create Volatile Files and Directories...
[[0;32m  OK  [0m] Started Create Volatile Files and Directories.
         Starting Update UTMP about System Boot/Shutdown...
[[0;32m  OK  [0m] Started Update UTMP about System Boot/Shutdown.
[[0;32m  OK  [0m] Started AppArmor initialization.
         Starting Load AppArmor profiles managed internally by snapd...
         Starting Initial cloud-init job (pre-networking)...
         Mounting Arbitrary Executable File Formats File System...
[[0;32m  OK  [0m] Found device /dev/ttyS0.
[[0;32m  OK  [0m] Mounted Arbitrary Executable File Formats File System.
[[0;32m  OK  [0m] Started Load AppArmor profiles managed internally by snapd.
[[0;32m  OK  [0m] Listening on Load/Save RF Kill Switch Status /dev/rfkill Watch.
[    6.089675] cloud-init[531]: Cloud-init v. 23.1.2-0ubuntu0~18.04.1 running 'init-local' at Sat, 21 Dec 2024 10:56:49 +0000. Up 5.97 seconds.
[[0;32m  OK  [0m] Started Initial cloud-init job (pre-networking).
[[0;32m  OK  [0m] Reached target Network (Pre).
         Starting Network Service...
[[0;32m  OK  [0m] Started Network Service.
         Starting Network Name Resolution...
         Starting Wait for Network to be Configured...
[[0;32m  OK  [0m] Started Network Name Resolution.
[[0;32m  OK  [0m] Reached target Host and Network Name Lookups.
[[0;32m  OK  [0m] Reached target Network.
[[0;32m  OK  [0m] Started Wait for Network to be Configured.
         Starting Initial cloud-init job (metadata service crawler)...
[    8.359382] cloud-init[668]: Cloud-init v. 23.1.2-0ubuntu0~18.04.1 running 'init' at Sat, 21 Dec 2024 10:56:52 +0000. Up 8.26 seconds.
[    8.360146] cloud-init[668]: ci-info: ++++++++++++++++++++++++++++++++++++++Net device info+++++++++++++++++++++++++++++++++++++++
[    8.360743] cloud-init[668]: ci-info: +--------+------+-----------------------------+---------------+--------+-------------------+
[    8.361262] cloud-init[668]: ci-info: | Device |  Up  |           Address           |      Mask     | Scope  |     Hw-Address    |
[    8.361821] cloud-init[668]: ci-info: +--------+------+-----------------------------+---------------+--------+-------------------+
[    8.362396] cloud-init[668]: ci-info: | enp0s3 | True |          10.0.2.15          | 255.255.255.0 | global | 02:3b:7b:b7:3b:2d |
[    8.362929] cloud-init[668]: ci-info: | enp0s3 | True |  fe80::3b:7bff:feb7:3b2d/64 |       .       |  link  | 02:3b:7b:b7:3b:2d |
[    8.363416] cloud-init[668]: ci-info: | enp0s8 | True |        192.168.56.16        | 255.255.255.0 | global | 08:00:27:01:c7:92 |
[    8.364111] cloud-init[668]: ci-info: | enp0s8 | True | fe80::a00:27ff:fe01:c792/64 |       .       |  link  | 08:00:27:01:c7:92 |
[    8.366055] cloud-init[668]: ci-info: |   lo   | True |          127.0.0.1          |   255.0.0.0   |  host  |         .         |
[    8.366608] cloud-init[668]: ci-info: |   lo   | True |           ::1/128           |       .       |  host  |         .         |
[    8.367814] cloud-init[668]: ci-info: +--------+------+-----------------------------+---------------+--------+-------------------+
[    8.370155] cloud-init[668]: ci-info: +++++++++++++++++++++++++++++Route IPv4 info+++++++++++++++++++++++++++++
[    8.370583] cloud-init[668]: ci-info: +-------+--------------+----------+-----------------+-----------+-------+
[    8.372210] cloud-init[668]: ci-info: | Route | Destination  | Gateway  |     Genmask     | Interface | Flags |
[    8.372573] cloud-init[668]: ci-info: +-------+--------------+----------+-----------------+-----------+-------+
[    8.372890] cloud-init[668]: ci-info: |   0   |   0.0.0.0    | 10.0.2.2 |     0.0.0.0     |   enp0s3  |   UG  |
[    8.384176] cloud-init[668]: ci-info: |   1   |   10.0.2.0   | 0.0.0.0  |  255.255.255.0  |   enp0s3  |   U   |
[    8.384570] cloud-init[668]: ci-info: |   2   |   10.0.2.2   | 0.0.0.0  | 255.255.255.255 |   enp0s3  |   UH  |
[    8.384893] cloud-init[668]: ci-info: |   3   | 192.168.56.0 | 0.0.0.0  |  255.255.255.0  |   enp0s8  |   U   |
[    8.385224] cloud-init[668]: ci-info: +-------+--------------+----------+-----------------+-----------+-------+
[    8.385558] cloud-init[668]: ci-info: +++++++++++++++++++Route IPv6 info+++++++++++++++++++
[    8.385959] cloud-init[668]: ci-info: +-------+-------------+---------+-----------+-------+
[    8.386359] cloud-init[668]: ci-info: | Route | Destination | Gateway | Interface | Flags |
[    8.386745] cloud-init[668]: ci-info: +-------+-------------+---------+-----------+-------+
[    8.387138] cloud-init[668]: ci-info: |   1   |  fe80::/64  |    ::   |   enp0s8  |   U   |
[    8.387538] cloud-init[668]: ci-info: |   2   |  fe80::/64  |    ::   |   enp0s3  |   U   |
[    8.389669] cloud-init[668]: ci-info: |   4   |    local    |    ::   |   enp0s3  |   U   |
[    8.390062] cloud-init[668]: ci-info: |   5   |    local    |    ::   |   enp0s8  |   U   |
[    8.390365] cloud-init[668]: ci-info: |   6   |   ff00::/8  |    ::   |   enp0s8  |   U   |
[    8.390756] cloud-init[668]: ci-info: |   7   |   ff00::/8  |    ::   |   enp0s3  |   U   |
[    8.392100] cloud-init[668]: ci-info: +-------+-------------+---------+-----------+-------+
[[0;32m  OK  [0m] Started Initial cloud-init job (metadata service crawler).
[[0;32m  OK  [0m] Reached target Network is Online.
         Starting Availability of block devices...
[[0;32m  OK  [0m] Reached target Remote File Systems (Pre).
         Mounting /vagrant...
[[0;32m  OK  [0m] Reached target Cloud-config availability.
[[0;32m  OK  [0m] Reached target System Initialization.
[[0;32m  OK  [0m] Listening on UUID daemon activation socket.
[[0;32m  OK  [0m] Listening on Open-iSCSI iscsid Socket.
         Starting LXD - unix socket.
[[0;32m  OK  [0m] Started Message of the Day.
[[0;32m  OK  [0m] Started Daily Cleanup of Temporary Directories.
[[0;32m  OK  [0m] Started Ubuntu Advantage Timer for running repeated jobs.
[[0;32m  OK  [0m] Listening on cloud-init hotplug hook socket.
[[0;32m  OK  [0m] Listening on ACPID Listen Socket.
[[0;32m  OK  [0m] Started Discard unused blocks once a week.
[[0;32m  OK  [0m] Started Daily apt download activities.
[[0;32m  OK  [0m] Listening on D-Bus System Message Bus Socket.
[[0;32m  OK  [0m] Started Daily apt upgrade and clean activities.
[[0;32m  OK  [0m] Reached target Timers.
         Starting Socket activation for snappy daemon.
[[0;32m  OK  [0m] Started ACPI Events Check.
[[0;32m  OK  [0m] Reached target Paths.
[[0;32m  OK  [0m] Started Availability of block devices.
[[0;32m  OK  [0m] Listening on LXD - unix socket.
[[0;32m  OK  [0m] Listening on Socket activation for snappy daemon.
[[0;32m  OK  [0m] Reached target Sockets.
[[0;32m  OK  [0m] Reached target Basic System.
         Starting Login Service...
[[0;32m  OK  [0m] Reached target Login Prompts (Pre).
         Starting Virtualbox guest utils...
         Starting Dispatcher daemon for systemd-networkd...
[[0;32m  OK  [0m] Started D-Bus System Message Bus.
[[0;32m  OK  [0m] Started Regular background program processing daemon.
         Starting Accounts Service...
[[0;32m  OK  [0m] Started irqbalance daemon.
[[0;32m  OK  [0m] Started FUSE filesystem for LXC.
         Starting Snap Daemon...
         Starting LSB: Record successful boot for GRUB...
         Starting System Logging Service...
         Starting Message of the Day...
         Starting OpenBSD Secure Shell server...
[[0;32m  OK  [0m] Started Deferred execution scheduler.
         Starting LXD - container startup/shutdown...
[[0;32m  OK  [0m] Mounted /vagrant.
[[0;32m  OK  [0m] Started Login Service.
[[0;32m  OK  [0m] Started Unattended Upgrades Shutdown.
[[0;32m  OK  [0m] Reached target Remote File Systems.
         Starting LSB: automatic crash report generation...
         Starting Permit User Sessions...
[[0;32m  OK  [0m] Started System Logging Service.
[[0;32m  OK  [0m] Started Permit User Sessions.
         Starting Terminate Plymouth Boot Screen...
         Starting Hold until boot process finishes up...
[[0;32m  OK  [0m] Started Hold until boot process finishes up.
         Starting Set console scheme...
[[0;32m  OK  [0m] Started Serial Getty on ttyS0.
[[0;32m  OK  [0m] Started Terminate Plymouth Boot Screen.
[[0;32m  OK  [0m] Started Set console scheme.
[[0;32m  OK  [0m] Created slice system-getty.slice.
[[0;32m  OK  [0m] Started Getty on tty1.
[[0;32m  OK  [0m] Reached target Login Prompts.
         Starting Authorization Manager...
[[0;32m  OK  [0m] Started OpenBSD Secure Shell server.
[[0;32m  OK  [0m] Started Virtualbox guest utils.
[[0;32m  OK  [0m] Started Authorization Manager.
[[0;32m  OK  [0m] Started Accounts Service.
[[0;32m  OK  [0m] Started LSB: automatic crash report generation.
[[0;32m  OK  [0m] Started LSB: Record successful boot for GRUB.
[[0;32m  OK  [0m] Started LXD - container startup/shutdown.
[[0;32m  OK  [0m] Started Dispatcher daemon for systemd-networkd.
[[0;32m  OK  [0m] Started Snap Daemon.
         Starting Wait until snapd is fully seeded...
         Starting Time & Date Service...
[[0;32m  OK  [0m] Started Time & Date Service.
[[0;32m  OK  [0m] Started Wait until snapd is fully seeded.
         Starting Apply the settings specified in cloud-config...
[   10.137230] cloud-init[1004]: Cloud-init v. 23.1.2-0ubuntu0~18.04.1 running 'modules:config' at Sat, 21 Dec 2024 10:56:53 +0000. Up 10.06 seconds.
[[0;32m  OK  [0m] Started Apply the settings specified in cloud-config.
[[0;32m  OK  [0m] Reached target Multi-User System.
[[0;32m  OK  [0m] Reached target Graphical Interface.
         Starting Update UTMP about System Runlevel Changes...
         Starting Execute cloud user/final scripts...
[[0;32m  OK  [0m] Started Update UTMP about System Runlevel Changes.
[   10.593211] cloud-init[1047]: Cloud-init v. 23.1.2-0ubuntu0~18.04.1 running 'modules:final' at Sat, 21 Dec 2024 10:56:54 +0000. Up 10.49 seconds.
[   10.593834] cloud-init[1047]: Cloud-init v. 23.1.2-0ubuntu0~18.04.1 finished at Sat, 21 Dec 2024 10:56:54 +0000. Datasource DataSourceNoCloud [seed=/dev/sdb][dsmode=net].  Up 10.58 seconds
[[0;32m  OK  [0m] Started Execute cloud user/final scripts.
[[0;32m  OK  [0m] Reached target Cloud-init target.
         Starting Daily apt download activities...
         Starting Update APT News...
         Starting Update the local ESM caches...
[[0;32m  OK  [0m] Started Message of the Day.
[[0;32m  OK  [0m] Created slice User Slice of vagrant.
         Starting User Manager for UID 1000...
[[0;32m  OK  [0m] Started Session 1 of user vagrant.
[[0;32m  OK  [0m] Started User Manager for UID 1000.
[[0;32m  OK  [0m] Started Update APT News.

[[0;32m  OK  [0m] Started Daily apt upgrade and clean activitie[[0;32m  OK  [0m] Started Daily apt upgrade and clean activities.
